<?xml version="1.0" encoding="UTF-8"?>
<testng-results ignored="0" total="1" passed="1" failed="0" skipped="0">
  <reporter-output>
  </reporter-output>
  <suite started-at="2022-09-30T17:01:44 PKT" name="base_test.BaseTest" finished-at="2022-09-30T17:02:09 PKT" duration-ms="25095">
    <groups>
    </groups>
    <test started-at="2022-09-30T17:01:44 PKT" name="Command line test" finished-at="2022-09-30T17:02:09 PKT" duration-ms="25095">
      <class name="base_test.BaseTest">
        <test-method is-config="true" signature="initializeDriver()[pri:0, instance:base_test.BaseTest@17c1bced]" started-at="2022-09-30T17:01:44 PKT" name="initializeDriver" finished-at="2022-09-30T17:02:09 PKT" duration-ms="25020" status="PASS">
          <reporter-output>
          </reporter-output>
        </test-method> <!-- initializeDriver -->
        <test-method signature="run()[pri:1, instance:base_test.BaseTest@17c1bced]" started-at="2022-09-30T17:02:09 PKT" name="run" finished-at="2022-09-30T17:02:09 PKT" duration-ms="2" status="PASS">
          <reporter-output>
          </reporter-output>
        </test-method> <!-- run -->
        <test-method is-config="true" signature="close()[pri:0, instance:base_test.BaseTest@17c1bced]" started-at="2022-09-30T17:02:09 PKT" name="close" finished-at="2022-09-30T17:02:09 PKT" duration-ms="1" status="PASS">
          <reporter-output>
          </reporter-output>
        </test-method> <!-- close -->
      </class> <!-- base_test.BaseTest -->
    </test> <!-- Command line test -->
  </suite> <!-- base_test.BaseTest -->
</testng-results>
